{
  "RSpec": {
    "coverage": {
      "C:/Users/andrewhwaller/Desktop/projects/focushift/app/models/user.rb": [
        null,
        null,
        null,
        1,
        null,
        null,
        1,
        null,
        null,
        null,
        1,
        1,
        1,
        1,
        1,
        null,
        1,
        0,
        0,
        0,
        0,
        0,
        0,
        0,
        0,
        0,
        0,
        0,
        null,
        null,
        null
      ],
      "C:/Users/andrewhwaller/Desktop/projects/focushift/app/models/application_record.rb": [
        null,
        null,
        null,
        1,
        1,
        null
      ],
      "C:/Users/andrewhwaller/Desktop/projects/focushift/app/helpers/application_helper.rb": [
        null,
        null,
        null,
        1,
        null,
        null
      ],
      "C:/Users/andrewhwaller/Desktop/projects/focushift/app/helpers/contexts_helper.rb": [
        null,
        null,
        null,
        1,
        null
      ],
      "C:/Users/andrewhwaller/Desktop/projects/focushift/app/helpers/partnerships_helper.rb": [
        null,
        null,
        null,
        1,
        null
      ],
      "C:/Users/andrewhwaller/Desktop/projects/focushift/app/helpers/projects_helper.rb": [
        null,
        null,
        null,
        1,
        null
      ],
      "C:/Users/andrewhwaller/Desktop/projects/focushift/app/helpers/sessions_helper.rb": [
        null,
        null,
        null,
        1,
        null
      ],
      "C:/Users/andrewhwaller/Desktop/projects/focushift/app/helpers/tasks_helper.rb": [
        null,
        null,
        null,
        1,
        null
      ],
      "C:/Users/andrewhwaller/Desktop/projects/focushift/app/models/context.rb": [
        null,
        null,
        null,
        1,
        1,
        1,
        1,
        null,
        1,
        1,
        null
      ],
      "C:/Users/andrewhwaller/Desktop/projects/focushift/app/models/partnership.rb": [
        null,
        null,
        null,
        1,
        1,
        1,
        1,
        1,
        null,
        1,
        1,
        1,
        null
      ],
      "C:/Users/andrewhwaller/Desktop/projects/focushift/app/models/project.rb": [
        null,
        null,
        null,
        1,
        1,
        1,
        1,
        1,
        1,
        1,
        null,
        1,
        1,
        null,
        1,
        1,
        null,
        null,
        1,
        null,
        null,
        null,
        1,
        0,
        null,
        null,
        1,
        0,
        null,
        null
      ],
      "C:/Users/andrewhwaller/Desktop/projects/focushift/app/models/task.rb": [
        null,
        null,
        null,
        1,
        1,
        1,
        null,
        1,
        1,
        1,
        1,
        null,
        1,
        null,
        null,
        1,
        null,
        null,
        null,
        1,
        0,
        null,
        null,
        1,
        0,
        null,
        null
      ],
      "C:/Users/andrewhwaller/Desktop/projects/focushift/app/models/project_context.rb": [
        null,
        null,
        null,
        1,
        1,
        null,
        1,
        1,
        null
      ],
      "C:/Users/andrewhwaller/Desktop/projects/focushift/app/models/project_partnership.rb": [
        null,
        null,
        null,
        1,
        1,
        null,
        1,
        1,
        null
      ],
      "C:/Users/andrewhwaller/Desktop/projects/focushift/app/channels/application_cable/channel.rb": [
        null,
        null,
        0,
        0,
        0,
        0
      ],
      "C:/Users/andrewhwaller/Desktop/projects/focushift/app/channels/application_cable/connection.rb": [
        null,
        null,
        0,
        0,
        0,
        0
      ],
      "C:/Users/andrewhwaller/Desktop/projects/focushift/app/controllers/application_controller.rb": [
        null,
        null,
        null,
        0,
        0,
        0,
        0,
        null,
        0,
        null,
        0,
        0,
        null,
        0,
        0,
        null,
        0,
        null,
        0,
        0,
        0,
        null,
        0,
        0,
        0,
        0,
        null
      ],
      "C:/Users/andrewhwaller/Desktop/projects/focushift/app/controllers/contexts_controller.rb": [
        null,
        null,
        null,
        0,
        0,
        0,
        null,
        0,
        0,
        0,
        0,
        null,
        0,
        0,
        0,
        0,
        null,
        0,
        0,
        0,
        0,
        null,
        0,
        0,
        0,
        0,
        0,
        null,
        0,
        0,
        0,
        null,
        0,
        0,
        0,
        0,
        0,
        null,
        0,
        0,
        0,
        0,
        0,
        null,
        0,
        null,
        0,
        0,
        0,
        0
      ],
      "C:/Users/andrewhwaller/Desktop/projects/focushift/app/controllers/partnerships_controller.rb": [
        null,
        null,
        null,
        0,
        0,
        0,
        null,
        0,
        0,
        0,
        0,
        null,
        0,
        0,
        0,
        0,
        null,
        0,
        0,
        0,
        null,
        0,
        0,
        0,
        0,
        0,
        null,
        0,
        0,
        0,
        null,
        0,
        0,
        0,
        0,
        0,
        null,
        0,
        0,
        0,
        0,
        0,
        null,
        0,
        null,
        0,
        0,
        0,
        0
      ],
      "C:/Users/andrewhwaller/Desktop/projects/focushift/app/controllers/projects_controller.rb": [
        null,
        null,
        null,
        0,
        0,
        0,
        null,
        0,
        0,
        0,
        0,
        0,
        null,
        0,
        0,
        0,
        0,
        null,
        0,
        0,
        0,
        0,
        null,
        0,
        0,
        0,
        0,
        0,
        0,
        null,
        0,
        0,
        0,
        null,
        0,
        0,
        0,
        0,
        0,
        null,
        0,
        0,
        0,
        0,
        0,
        null,
        0,
        null,
        0,
        0,
        0,
        null,
        0,
        0,
        0,
        0
      ],
      "C:/Users/andrewhwaller/Desktop/projects/focushift/app/controllers/sessions_controller.rb": [
        null,
        null,
        null,
        0,
        0,
        null,
        0,
        0,
        null,
        0,
        0,
        null,
        0,
        0,
        0
      ],
      "C:/Users/andrewhwaller/Desktop/projects/focushift/app/controllers/tasks_controller.rb": [
        null,
        null,
        null,
        0,
        0,
        0,
        null,
        0,
        0,
        0,
        0,
        0,
        0,
        0,
        0,
        0,
        0,
        0,
        0,
        0,
        0,
        null,
        0,
        null,
        0,
        0,
        0,
        null,
        0,
        0,
        0,
        0,
        0,
        null,
        0,
        0,
        0,
        0,
        0,
        0,
        null,
        0,
        0,
        0,
        0,
        null,
        0,
        0,
        0,
        0,
        0,
        null,
        0,
        0,
        0,
        0,
        0,
        null,
        0,
        null,
        0,
        0,
        0,
        0,
        0,
        null,
        0,
        0,
        0,
        0,
        0,
        0,
        0,
        null,
        0,
        0,
        0,
        null,
        0,
        0,
        0,
        0
      ],
      "C:/Users/andrewhwaller/Desktop/projects/focushift/app/controllers/users/omniauth_callbacks_controller.rb": [
        null,
        null,
        null,
        0,
        null,
        0,
        0,
        0,
        0,
        0
      ],
      "C:/Users/andrewhwaller/Desktop/projects/focushift/app/jobs/application_job.rb": [
        null,
        null,
        0,
        0
      ],
      "C:/Users/andrewhwaller/Desktop/projects/focushift/app/mailers/application_mailer.rb": [
        null,
        null,
        null,
        0,
        0,
        0,
        0
      ],
      "C:/Users/andrewhwaller/Desktop/projects/focushift/app/mailers/digest_mailer.rb": [
        null,
        null,
        0,
        0
      ]
    },
    "timestamp": 1570479668
  }
}
